Using pre-set license
Built from '2020.3/staging' branch; Version is '2020.3.16f1 (049d6eca3c44) revision 302446'; Using compiler version '192528614'; Build Type 'Release'
OS: 'Windows 10 Pro; OS build 19044.1466; Version 2009; 64bit' Language: 'en' Physical Memory: 8009 MB
BatchMode: 1, IsHumanControllingUs: 0, StartBugReporterOnCrash: 0, Is64bit: 1, IsPro: 0

 COMMAND LINE ARGUMENTS:
D:\Unity Version\2020.3.16f1\Editor\Unity.exe
-adb2
-batchMode
-noUpm
-name
AssetImportWorker0
-projectPath
D:/Projects/GitHub Clones/Personal Projects/ThirdPersonController/TPS_controller
-logFile
Logs/AssetImportWorker0.log
-srvPort
61258
Successfully changed project path to: D:/Projects/GitHub Clones/Personal Projects/ThirdPersonController/TPS_controller
D:/Projects/GitHub Clones/Personal Projects/ThirdPersonController/TPS_controller
Using Asset Import Pipeline V2.
Refreshing native plugins compatible for Editor in 106.25 ms, found 5 plugins.
Preloading 0 native plugins for Editor in 0.00 ms.
Initialize engine version: 2020.3.16f1 (049d6eca3c44)
[Subsystems] Discovering subsystems at path D:/Unity Version/2020.3.16f1/Editor/Data/Resources/UnitySubsystems
[Subsystems] Discovering subsystems at path D:/Projects/GitHub Clones/Personal Projects/ThirdPersonController/TPS_controller/Assets
GfxDevice: creating device client; threaded=0
Direct3D:
    Version:  Direct3D 11.0 [level 11.1]
    Renderer: Intel(R) HD Graphics 4600 (ID=0x412)
    Vendor:   
    VRAM:     2048 MB
    Driver:   20.19.15.4963
Shader 'Universal Render Pipeline/Particles/Lit': fallback shader 'Universal Render Pipeline/Particles/SimpleLit' not found
Initialize mono
Mono path[0] = 'D:/Unity Version/2020.3.16f1/Editor/Data/Managed'
Mono path[1] = 'D:/Unity Version/2020.3.16f1/Editor/Data/MonoBleedingEdge/lib/mono/unityjit'
Mono config path = 'D:/Unity Version/2020.3.16f1/Editor/Data/MonoBleedingEdge/etc'
Using monoOptions --debugger-agent=transport=dt_socket,embedding=1,server=y,suspend=n,address=127.0.0.1:56252
Begin MonoManager ReloadAssembly
Registering precompiled unity dll's ...
Register platform support module: D:/Unity Version/2020.3.16f1/Editor/Data/PlaybackEngines/WindowsStandaloneSupport/UnityEditor.WindowsStandalone.Extensions.dll
Registered in 0.001132 seconds.
Native extension for WindowsStandalone target not found
Refreshing native plugins compatible for Editor in 105.64 ms, found 5 plugins.
Preloading 0 native plugins for Editor in 0.00 ms.
Mono: successfully reloaded assembly
- Completed reload, in  2.765 seconds
Domain Reload Profiling:
	ReloadAssembly (2765ms)
		BeginReloadAssembly (58ms)
			ExecutionOrderSort (0ms)
			DisableScriptedObjects (0ms)
			BackupInstance (0ms)
			ReleaseScriptingObjects (0ms)
			CreateAndSetChildDomain (1ms)
		EndReloadAssembly (587ms)
			LoadAssemblies (57ms)
			RebuildTransferFunctionScriptingTraits (0ms)
			SetupTypeCache (196ms)
			ReleaseScriptCaches (0ms)
			RebuildScriptCaches (42ms)
			SetupLoadedEditorAssemblies (262ms)
				LogAssemblyErrors (0ms)
				InitializePlatformSupportModulesInManaged (4ms)
				SetLoadedEditorAssemblies (0ms)
				RefreshPlugins (106ms)
				BeforeProcessingInitializeOnLoad (20ms)
				ProcessInitializeOnLoadAttributes (93ms)
				ProcessInitializeOnLoadMethodAttributes (39ms)
				AfterProcessingInitializeOnLoad (0ms)
				EditorAssembliesLoaded (0ms)
			ExecutionOrderSort2 (0ms)
			AwakeInstancesAfterBackupRestoration (0ms)
Platform modules already initialized, skipping
Registering precompiled user dll's ...
Registered in 0.008619 seconds.
Begin MonoManager ReloadAssembly
Native extension for WindowsStandalone target not found
Refreshing native plugins compatible for Editor in 117.54 ms, found 5 plugins.
Preloading 0 native plugins for Editor in 0.00 ms.
Mono: successfully reloaded assembly
- Completed reload, in  2.402 seconds
Domain Reload Profiling:
	ReloadAssembly (2403ms)
		BeginReloadAssembly (184ms)
			ExecutionOrderSort (0ms)
			DisableScriptedObjects (6ms)
			BackupInstance (0ms)
			ReleaseScriptingObjects (0ms)
			CreateAndSetChildDomain (25ms)
		EndReloadAssembly (2146ms)
			LoadAssemblies (120ms)
			RebuildTransferFunctionScriptingTraits (0ms)
			SetupTypeCache (465ms)
			ReleaseScriptCaches (1ms)
			RebuildScriptCaches (85ms)
			SetupLoadedEditorAssemblies (1297ms)
				LogAssemblyErrors (0ms)
				InitializePlatformSupportModulesInManaged (5ms)
				SetLoadedEditorAssemblies (0ms)
				RefreshPlugins (118ms)
				BeforeProcessingInitializeOnLoad (125ms)
				ProcessInitializeOnLoadAttributes (1040ms)
				ProcessInitializeOnLoadMethodAttributes (6ms)
				AfterProcessingInitializeOnLoad (2ms)
				EditorAssembliesLoaded (0ms)
			ExecutionOrderSort2 (0ms)
			AwakeInstancesAfterBackupRestoration (10ms)
Platform modules already initialized, skipping
========================================================================
Worker process is ready to serve import requests
Shader 'Universal Render Pipeline/Particles/Lit': fallback shader 'Universal Render Pipeline/Particles/SimpleLit' not found
Launched and connected shader compiler UnityShaderCompiler.exe after 0.11 seconds
Refreshing native plugins compatible for Editor in 4.72 ms, found 5 plugins.
Preloading 0 native plugins for Editor in 0.00 ms.
Unloading 3823 Unused Serialized files (Serialized files now loaded: 0)
System memory in use before: 176.0 MB.
System memory in use after: 176.2 MB.

Unloading 31 unused Assets to reduce memory usage. Loaded Objects now: 4260.
Total: 6.349200 ms (FindLiveObjects: 0.659200 ms CreateObjectMapping: 0.533300 ms MarkObjects: 5.011800 ms  DeleteObjects: 0.142600 ms)

AssetImportParameters requested are different than current active one (requested -> active):
  custom:framework-win-MediaFoundation: 216162199b28c13a410421893ffa2e32 -> 
  custom:video-decoder-ogg-theora: a1e56fd34408186e4bbccfd4996cb3dc -> 
  custom:container-muxer-webm: aa71ff27fc2769a1b78a27578f13a17b -> 
  custom:container-demuxer-webm: 4f35f7cbe854078d1ac9338744f61a02 -> 
  custom:container-demuxer-ogg: 62fdf1f143b41e24485cea50d1cbac27 -> 
  custom:video-encoder-webm-vp8: eb34c28f22e8b96e1ab97ce403110664 -> 
  custom:video-decoder-webm-vp8: 9c59270c3fd7afecdb556c50c9e8de78 -> 
  custom:audio-decoder-ogg-vorbis: bf7c407c2cedff20999df2af8eb42d56 -> 
  custom:audio-encoder-webm-vorbis: bf7c407c2cedff20999df2af8eb42d56 -> 
========================================================================
Received Import Request.
  path: Assets/AssetsPacks/Modern UI Pack/Prefabs/Slider/Gradient/Slider - Gradient.prefab
  artifactKey: Guid(c8d7928b1d7483b4b8f5e38ccdd1e1e0) Importer(815301076,1909f56bfc062723c751e8b465ee728b)
Start importing Assets/AssetsPacks/Modern UI Pack/Prefabs/Slider/Gradient/Slider - Gradient.prefab using Guid(c8d7928b1d7483b4b8f5e38ccdd1e1e0) Importer(815301076,1909f56bfc062723c751e8b465ee728b)  -> (artifact id: '3f5218b0e929e0f833da745b87a9f150') in 0.107976 seconds 
  Import took 0.118591 seconds .

========================================================================
Received Import Request.
  Time since last request: 0.000256 seconds.
  path: Assets/Models/Weopons/Low Poly Weapons VOL.1/Models/RPG7.fbx
  artifactKey: Guid(4e5ce0b6f97fdbc40b7bc818b06b80ba) Importer(815301076,1909f56bfc062723c751e8b465ee728b)
Start importing Assets/Models/Weopons/Low Poly Weapons VOL.1/Models/RPG7.fbx using Guid(4e5ce0b6f97fdbc40b7bc818b06b80ba) Importer(815301076,1909f56bfc062723c751e8b465ee728b)  -> (artifact id: '96fb53fa5ec835fa3ce176323c3c66fb') in 0.389198 seconds 
  Import took 0.398809 seconds .

========================================================================
Received Import Request.
  Time since last request: 0.000303 seconds.
  path: Assets/AssetsPacks/PolygonBattleRoyale/Prefabs/Weapons/SM_Wep_Shotgun_Ammo_Pile_01.prefab
  artifactKey: Guid(57c68e4d186be6243a5310e827beb11a) Importer(815301076,1909f56bfc062723c751e8b465ee728b)
Start importing Assets/AssetsPacks/PolygonBattleRoyale/Prefabs/Weapons/SM_Wep_Shotgun_Ammo_Pile_01.prefab using Guid(57c68e4d186be6243a5310e827beb11a) Importer(815301076,1909f56bfc062723c751e8b465ee728b)  -> (artifact id: '5012cec68667777a8a6c0f0cbde63ca3') in 0.080887 seconds 
  Import took 0.089628 seconds .

========================================================================
Received Import Request.
  Time since last request: 0.000255 seconds.
  path: Assets/AssetsPacks/Modern UI Pack/Prefabs/Button/Rounded - Gradient/Red.prefab
  artifactKey: Guid(c0df0988b9b069b4b82e51ff1f75737b) Importer(815301076,1909f56bfc062723c751e8b465ee728b)
Start importing Assets/AssetsPacks/Modern UI Pack/Prefabs/Button/Rounded - Gradient/Red.prefab using Guid(c0df0988b9b069b4b82e51ff1f75737b) Importer(815301076,1909f56bfc062723c751e8b465ee728b)  -> (artifact id: '93fb390793ae9ff2e9287b117c00ea0e') in 0.110494 seconds 
  Import took 0.119213 seconds .

========================================================================
Received Import Request.
  Time since last request: 0.000271 seconds.
  path: Assets/AssetsPacks/Modern UI Pack/Prefabs/Button/Basic - Outline/Red.prefab
  artifactKey: Guid(64f06c7d701ac624e90e0d97fc54d06f) Importer(815301076,1909f56bfc062723c751e8b465ee728b)
Start importing Assets/AssetsPacks/Modern UI Pack/Prefabs/Button/Basic - Outline/Red.prefab using Guid(64f06c7d701ac624e90e0d97fc54d06f) Importer(815301076,1909f56bfc062723c751e8b465ee728b)  -> (artifact id: 'b7466558f1527fc4e283058c0df2faa9') in 0.058805 seconds 
  Import took 0.069499 seconds .

========================================================================
Received Import Request.
  Time since last request: 0.000275 seconds.
  path: Assets/EffectExamples/Shared/Prefabs/Sand.prefab
  artifactKey: Guid(ba43211ecc156be458125732de23ddb6) Importer(815301076,1909f56bfc062723c751e8b465ee728b)
Start importing Assets/EffectExamples/Shared/Prefabs/Sand.prefab using Guid(ba43211ecc156be458125732de23ddb6) Importer(815301076,1909f56bfc062723c751e8b465ee728b)  -> (artifact id: '5164705d758e1483a00a9cfb94feebe2') in 0.047660 seconds 
  Import took 0.056849 seconds .

========================================================================
Received Import Request.
  Time since last request: 0.000282 seconds.
  path: Assets/AssetsPacks/PolygonBattleRoyale/Prefabs/FX/GunShot_Smoke_FX.prefab
  artifactKey: Guid(2574ca206a571a342a7fab69fdfb87aa) Importer(815301076,1909f56bfc062723c751e8b465ee728b)
Start importing Assets/AssetsPacks/PolygonBattleRoyale/Prefabs/FX/GunShot_Smoke_FX.prefab using Guid(2574ca206a571a342a7fab69fdfb87aa) Importer(815301076,1909f56bfc062723c751e8b465ee728b)  -> (artifact id: '8e36fef5e4cdf8178508b91c261e066f') in 0.032247 seconds 
  Import took 0.042274 seconds .

========================================================================
Received Import Request.
  Time since last request: 0.000224 seconds.
  path: Assets/AssetsPacks/PolygonBattleRoyale/Models/SM_Wep_Shotgun_01.fbx
  artifactKey: Guid(8d2e374bfca5d6449af9fc2cdfd38e6d) Importer(815301076,1909f56bfc062723c751e8b465ee728b)
Start importing Assets/AssetsPacks/PolygonBattleRoyale/Models/SM_Wep_Shotgun_01.fbx using Guid(8d2e374bfca5d6449af9fc2cdfd38e6d) Importer(815301076,1909f56bfc062723c751e8b465ee728b)  -> (artifact id: '77901a094477e5c05be0e98d2b210682') in 0.201887 seconds 
  Import took 0.211695 seconds .

========================================================================
Received Import Request.
  Time since last request: 0.000263 seconds.
  path: Assets/AssetsPacks/Modern UI Pack/Prefabs/Button/Rounded - Gradient/Purple.prefab
  artifactKey: Guid(17cd2e7bf116f2e43a5434c276aaa2a0) Importer(815301076,1909f56bfc062723c751e8b465ee728b)
Start importing Assets/AssetsPacks/Modern UI Pack/Prefabs/Button/Rounded - Gradient/Purple.prefab using Guid(17cd2e7bf116f2e43a5434c276aaa2a0) Importer(815301076,1909f56bfc062723c751e8b465ee728b)  -> (artifact id: 'a45d9278c84d3a035c156260cd504146') in 0.062344 seconds 
  Import took 0.070870 seconds .

========================================================================
Received Import Request.
  Time since last request: 0.000282 seconds.
  path: Assets/AssetsPacks/Modern UI Pack/Prefabs/Button/Basic - Gradient/Red.prefab
  artifactKey: Guid(b2a7c376ecaa0374ba8b5a0143a9178e) Importer(815301076,1909f56bfc062723c751e8b465ee728b)
Start importing Assets/AssetsPacks/Modern UI Pack/Prefabs/Button/Basic - Gradient/Red.prefab using Guid(b2a7c376ecaa0374ba8b5a0143a9178e) Importer(815301076,1909f56bfc062723c751e8b465ee728b)  -> (artifact id: 'e0bddab8f074ea4303a420b9eac61a7c') in 0.056372 seconds 
  Import took 0.066737 seconds .

========================================================================
Received Import Request.
  Time since last request: 0.000327 seconds.
  path: Assets/AssetsPacks/Modern UI Pack/Prefabs/Slider/Gradient/Slider - Gradient (Value).prefab
  artifactKey: Guid(1825bc935af2c1f4dbb479e6322cd22d) Importer(815301076,1909f56bfc062723c751e8b465ee728b)
Start importing Assets/AssetsPacks/Modern UI Pack/Prefabs/Slider/Gradient/Slider - Gradient (Value).prefab using Guid(1825bc935af2c1f4dbb479e6322cd22d) Importer(815301076,1909f56bfc062723c751e8b465ee728b)  -> (artifact id: '3e0c3b5355c53e97bd9874c017478b8d') in 0.064952 seconds 
  Import took 0.074471 seconds .

========================================================================
Received Import Request.
  Time since last request: 0.000269 seconds.
  path: Assets/AssetsPacks/PolygonBattleRoyale/Prefabs/Weapons/SM_Wep_Shotgun_Ammo_Box_01.prefab
  artifactKey: Guid(9a343161ba13ade44bfd75098cc0605e) Importer(815301076,1909f56bfc062723c751e8b465ee728b)
Start importing Assets/AssetsPacks/PolygonBattleRoyale/Prefabs/Weapons/SM_Wep_Shotgun_Ammo_Box_01.prefab using Guid(9a343161ba13ade44bfd75098cc0605e) Importer(815301076,1909f56bfc062723c751e8b465ee728b)  -> (artifact id: 'be0c609eb883e7a03fc7964673ddba28') in 0.078555 seconds 
  Import took 0.087010 seconds .

========================================================================
Received Import Request.
  Time since last request: 0.000244 seconds.
  path: Assets/AssetsPacks/Modern UI Pack/Prefabs/Button/Basic/Purple.prefab
  artifactKey: Guid(5febcfad03f192f45ba070ab14cf6794) Importer(815301076,1909f56bfc062723c751e8b465ee728b)
Start importing Assets/AssetsPacks/Modern UI Pack/Prefabs/Button/Basic/Purple.prefab using Guid(5febcfad03f192f45ba070ab14cf6794) Importer(815301076,1909f56bfc062723c751e8b465ee728b)  -> (artifact id: '38f9832df69faada645fb72efc41f3dd') in 0.048259 seconds 
  Import took 0.057166 seconds .

========================================================================
Received Import Request.
  Time since last request: 0.000273 seconds.
  path: Assets/AssetsPacks/Modern UI Pack/Prefabs/Button/Rounded - Outline Gradient/Red.prefab
  artifactKey: Guid(5bb8184ff1265434b96d931239e59631) Importer(815301076,1909f56bfc062723c751e8b465ee728b)
Start importing Assets/AssetsPacks/Modern UI Pack/Prefabs/Button/Rounded - Outline Gradient/Red.prefab using Guid(5bb8184ff1265434b96d931239e59631) Importer(815301076,1909f56bfc062723c751e8b465ee728b)  -> (artifact id: 'c836d642b4e4263ecdccf5381f3255d0') in 0.049826 seconds 
  Import took 0.059165 seconds .

========================================================================
Received Import Request.
  Time since last request: 0.000277 seconds.
  path: Assets/Animations/RifleAnimsetPro/Prefabs/PickupShotgun.prefab
  artifactKey: Guid(df7497968c958cd41abb6e7e8922759f) Importer(815301076,1909f56bfc062723c751e8b465ee728b)
Start importing Assets/Animations/RifleAnimsetPro/Prefabs/PickupShotgun.prefab using Guid(df7497968c958cd41abb6e7e8922759f) Importer(815301076,1909f56bfc062723c751e8b465ee728b)  -> (artifact id: '03a62588f05852e03cc803b3af954e27') in 0.027753 seconds 
  Import took 0.036092 seconds .

========================================================================
Received Import Request.
  Time since last request: 0.000238 seconds.
  path: Assets/Animations/RifleAnimsetPro/Models/RiflePlaceholder.FBX
  artifactKey: Guid(4164d85f868287f478788478adaf82f2) Importer(815301076,1909f56bfc062723c751e8b465ee728b)
Start importing Assets/Animations/RifleAnimsetPro/Models/RiflePlaceholder.FBX using Guid(4164d85f868287f478788478adaf82f2) Importer(815301076,1909f56bfc062723c751e8b465ee728b)  -> (artifact id: '4381945a595ac1f68b8a8a275efd7d52') in 0.065635 seconds 
  Import took 0.075129 seconds .

========================================================================
Received Import Request.
  Time since last request: 0.000329 seconds.
  path: Assets/AssetsPacks/Modern UI Pack/Prefabs/Button/Basic - Outline Gradient/Purple.prefab
  artifactKey: Guid(bed00484ea07e674e8c2f6b968edd572) Importer(815301076,1909f56bfc062723c751e8b465ee728b)
Start importing Assets/AssetsPacks/Modern UI Pack/Prefabs/Button/Basic - Outline Gradient/Purple.prefab using Guid(bed00484ea07e674e8c2f6b968edd572) Importer(815301076,1909f56bfc062723c751e8b465ee728b)  -> (artifact id: '6dea32087001b3af796ebf80d9c295ec') in 0.051590 seconds 
  Import took 0.062193 seconds .

========================================================================
Received Import Request.
  Time since last request: 0.000288 seconds.
  path: Assets/AssetsPacks/Modern UI Pack/Prefabs/Button/Basic - Only Icon/Purple.prefab
  artifactKey: Guid(746e1cc9d964a5b40b2d8c9277da49dc) Importer(815301076,1909f56bfc062723c751e8b465ee728b)
Start importing Assets/AssetsPacks/Modern UI Pack/Prefabs/Button/Basic - Only Icon/Purple.prefab using Guid(746e1cc9d964a5b40b2d8c9277da49dc) Importer(815301076,1909f56bfc062723c751e8b465ee728b)  -> (artifact id: 'cc232378f7056973e72303402438d7b8') in 0.013090 seconds 
  Import took 0.023456 seconds .

========================================================================
Received Import Request.
  Time since last request: 0.000349 seconds.
  path: Assets/Models/Weopons/Low Poly Weapons VOL.1/Prefabs/RPG7.prefab
  artifactKey: Guid(02baef62b1bfedf40bb369fb7542b9e7) Importer(815301076,1909f56bfc062723c751e8b465ee728b)
Start importing Assets/Models/Weopons/Low Poly Weapons VOL.1/Prefabs/RPG7.prefab using Guid(02baef62b1bfedf40bb369fb7542b9e7) Importer(815301076,1909f56bfc062723c751e8b465ee728b)  -> (artifact id: '3d7cb076974d3b7a34b161693d1a1155') in 0.025733 seconds 
  Import took 0.036862 seconds .

========================================================================
Received Import Request.
  Time since last request: 0.000392 seconds.
  path: Assets/AssetsPacks/Modern UI Pack/Prefabs/Button/Radial - Only Icon/Red.prefab
  artifactKey: Guid(feab22d47be1f9749b7db6ac23c28813) Importer(815301076,1909f56bfc062723c751e8b465ee728b)
Start importing Assets/AssetsPacks/Modern UI Pack/Prefabs/Button/Radial - Only Icon/Red.prefab using Guid(feab22d47be1f9749b7db6ac23c28813) Importer(815301076,1909f56bfc062723c751e8b465ee728b)  -> (artifact id: '245d53018c602939789f58b35b27896a') in 0.011015 seconds 
  Import took 0.019890 seconds .

========================================================================
Received Import Request.
  Time since last request: 0.000299 seconds.
  path: Assets/AssetsPacks/Modern UI Pack/Prefabs/Button/Basic - Outline With Icon/Red.prefab
  artifactKey: Guid(f1eef235aa14c464a8eb29b21beff322) Importer(815301076,1909f56bfc062723c751e8b465ee728b)
Start importing Assets/AssetsPacks/Modern UI Pack/Prefabs/Button/Basic - Outline With Icon/Red.prefab using Guid(f1eef235aa14c464a8eb29b21beff322) Importer(815301076,1909f56bfc062723c751e8b465ee728b)  -> (artifact id: '3db6ffb3fd702856aad59c9ebca783f3') in 0.052258 seconds 
  Import took 0.062286 seconds .

========================================================================
Received Import Request.
  Time since last request: 0.000260 seconds.
  path: Assets/AssetsPacks/Modern UI Pack/Prefabs/Slider/Gradient/Slider - Gradient (Popup).prefab
  artifactKey: Guid(cc43aa00848c8bc40b7ee6ded0722cdb) Importer(815301076,1909f56bfc062723c751e8b465ee728b)
Start importing Assets/AssetsPacks/Modern UI Pack/Prefabs/Slider/Gradient/Slider - Gradient (Popup).prefab using Guid(cc43aa00848c8bc40b7ee6ded0722cdb) Importer(815301076,1909f56bfc062723c751e8b465ee728b)  -> (artifact id: 'f6faebb874c64adeb0ebb8f0d33fdf29') in 0.065098 seconds 
  Import took 0.076272 seconds .

========================================================================
Received Import Request.
  Time since last request: 0.000301 seconds.
  path: Assets/AssetsPacks/Modern UI Pack/Prefabs/Button/Radial - Outline Only Icon/Red.prefab
  artifactKey: Guid(9cdad978c2d999f48a3656b8aca0a752) Importer(815301076,1909f56bfc062723c751e8b465ee728b)
Start importing Assets/AssetsPacks/Modern UI Pack/Prefabs/Button/Radial - Outline Only Icon/Red.prefab using Guid(9cdad978c2d999f48a3656b8aca0a752) Importer(815301076,1909f56bfc062723c751e8b465ee728b)  -> (artifact id: 'd6780134a4d0c948f64e0a60b4ae649b') in 0.018000 seconds 
  Import took 0.027597 seconds .

========================================================================
Received Import Request.
  Time since last request: 0.000264 seconds.
  path: Assets/AssetsPacks/Modern UI Pack/Prefabs/Button/Basic/Red.prefab
  artifactKey: Guid(5bccc645041cec04a8b3b2d55e4c92e6) Importer(815301076,1909f56bfc062723c751e8b465ee728b)
Start importing Assets/AssetsPacks/Modern UI Pack/Prefabs/Button/Basic/Red.prefab using Guid(5bccc645041cec04a8b3b2d55e4c92e6) Importer(815301076,1909f56bfc062723c751e8b465ee728b)  -> (artifact id: 'aec7c17b85ef28f5a4ba9623795f2a80') in 0.046768 seconds 
  Import took 0.056555 seconds .

========================================================================
Received Import Request.
  Time since last request: 0.000353 seconds.
  path: Assets/AssetsPacks/Modern UI Pack/Prefabs/Button/Basic - Outline Gradient/Red.prefab
  artifactKey: Guid(b92332d04cb21b244b96090db93b2ae5) Importer(815301076,1909f56bfc062723c751e8b465ee728b)
Start importing Assets/AssetsPacks/Modern UI Pack/Prefabs/Button/Basic - Outline Gradient/Red.prefab using Guid(b92332d04cb21b244b96090db93b2ae5) Importer(815301076,1909f56bfc062723c751e8b465ee728b)  -> (artifact id: 'b225a5c7d92671f7ca1031eac8a17269') in 0.049031 seconds 
  Import took 0.059268 seconds .

========================================================================
Received Import Request.
  Time since last request: 0.000289 seconds.
  path: Assets/AssetsPacks/Modern UI Pack/Prefabs/Slider/Outline/Slider - Outline.prefab
  artifactKey: Guid(01e954b9655b83945802d2c027d83d7e) Importer(815301076,1909f56bfc062723c751e8b465ee728b)
Start importing Assets/AssetsPacks/Modern UI Pack/Prefabs/Slider/Outline/Slider - Outline.prefab using Guid(01e954b9655b83945802d2c027d83d7e) Importer(815301076,1909f56bfc062723c751e8b465ee728b)  -> (artifact id: '504c5ef8af1a039a7c84a85f25ab4bf1') in 0.090784 seconds 
  Import took 0.100677 seconds .

========================================================================
Received Import Request.
  Time since last request: 0.000078 seconds.
  path: Assets/AssetsPacks/PolygonBattleRoyale/Models/SM_Wep_Shotgun_Ammo_Pile_01.fbx
  artifactKey: Guid(99ff9bd617d8d6240a7ec93322d32b95) Importer(815301076,1909f56bfc062723c751e8b465ee728b)
Start importing Assets/AssetsPacks/PolygonBattleRoyale/Models/SM_Wep_Shotgun_Ammo_Pile_01.fbx using Guid(99ff9bd617d8d6240a7ec93322d32b95) Importer(815301076,1909f56bfc062723c751e8b465ee728b)  -> (artifact id: '9bf94bb9d2d2f73bbe134120a1c343ce') in 0.059541 seconds 
  Import took 0.073377 seconds .

========================================================================
Received Import Request.
  Time since last request: 0.000333 seconds.
  path: Assets/AssetsPacks/Modern UI Pack/Prefabs/Button/Rounded - Outline/Red.prefab
  artifactKey: Guid(ead089b3cd77d654688c6b20bc13068b) Importer(815301076,1909f56bfc062723c751e8b465ee728b)
Start importing Assets/AssetsPacks/Modern UI Pack/Prefabs/Button/Rounded - Outline/Red.prefab using Guid(ead089b3cd77d654688c6b20bc13068b) Importer(815301076,1909f56bfc062723c751e8b465ee728b)  -> (artifact id: '02094640cb15fb42ab4209bda2032dd9') in 0.048749 seconds 
  Import took 0.059025 seconds .

========================================================================
Received Import Request.
  Time since last request: 0.000284 seconds.
  path: Assets/AssetsPacks/Modern UI Pack/Prefabs/Slider/Outline/Slider - Outline (Popup).prefab
  artifactKey: Guid(71478d7a814e1464894c850acb75447f) Importer(815301076,1909f56bfc062723c751e8b465ee728b)
Start importing Assets/AssetsPacks/Modern UI Pack/Prefabs/Slider/Outline/Slider - Outline (Popup).prefab using Guid(71478d7a814e1464894c850acb75447f) Importer(815301076,1909f56bfc062723c751e8b465ee728b)  -> (artifact id: '254daa475dcc8361f8604604159d9585') in 0.078499 seconds 
  Import took 0.090306 seconds .

========================================================================
Received Import Request.
  Time since last request: 0.000451 seconds.
  path: Assets/AssetsPacks/Modern UI Pack/Prefabs/Button/Basic - With Icon/Red.prefab
  artifactKey: Guid(88d48ce89a8ac2a42b8214c942581896) Importer(815301076,1909f56bfc062723c751e8b465ee728b)
Start importing Assets/AssetsPacks/Modern UI Pack/Prefabs/Button/Basic - With Icon/Red.prefab using Guid(88d48ce89a8ac2a42b8214c942581896) Importer(815301076,1909f56bfc062723c751e8b465ee728b)  -> (artifact id: 'a1c135ca296ede83d913e5598efc12db') in 0.055402 seconds 
  Import took 0.065754 seconds .

========================================================================
Received Import Request.
  Time since last request: 0.000332 seconds.
  path: Assets/AssetsPacks/Modern UI Pack/Prefabs/Button/Rounded - Outline/Purple.prefab
  artifactKey: Guid(86cb4e3642063504bbeb097c0e7d397b) Importer(815301076,1909f56bfc062723c751e8b465ee728b)
Start importing Assets/AssetsPacks/Modern UI Pack/Prefabs/Button/Rounded - Outline/Purple.prefab using Guid(86cb4e3642063504bbeb097c0e7d397b) Importer(815301076,1909f56bfc062723c751e8b465ee728b)  -> (artifact id: '291319b6f8116724bd5f0aa407d1a731') in 0.047132 seconds 
  Import took 0.058385 seconds .

========================================================================
Received Import Request.
  Time since last request: 0.000285 seconds.
  path: Assets/Animations/RifleAnimsetPro/Animations/RifleAnimsetPro_Equips.fbx
  artifactKey: Guid(6d0b268b0bd91c44eb369715ba96d320) Importer(815301076,1909f56bfc062723c751e8b465ee728b)
Start importing Assets/Animations/RifleAnimsetPro/Animations/RifleAnimsetPro_Equips.fbx using Guid(6d0b268b0bd91c44eb369715ba96d320) Importer(815301076,1909f56bfc062723c751e8b465ee728b)  -> (artifact id: '6e398be64fc1db6e3a563298b768d9db') in 0.072794 seconds 
  Import took 0.083706 seconds .

========================================================================
Received Import Request.
  Time since last request: 0.000338 seconds.
  path: Assets/AssetsPacks/Modern UI Pack/Prefabs/Slider/Outline/Slider - Outline (Value).prefab
  artifactKey: Guid(f0c8072b353884d4b93bf35bcdeab4ec) Importer(815301076,1909f56bfc062723c751e8b465ee728b)
Start importing Assets/AssetsPacks/Modern UI Pack/Prefabs/Slider/Outline/Slider - Outline (Value).prefab using Guid(f0c8072b353884d4b93bf35bcdeab4ec) Importer(815301076,1909f56bfc062723c751e8b465ee728b)  -> (artifact id: 'c751c5a6adfb88e8d4fc3d8eae6e4ea3') in 0.073851 seconds 
  Import took 0.089570 seconds .

========================================================================
Received Import Request.
  Time since last request: 0.000347 seconds.
  path: Assets/AssetsPacks/PolygonBattleRoyale/Models/SM_Wep_Shotgun_Ammo_Box_01.fbx
  artifactKey: Guid(475adb592c0e7e044a88658effb84cf9) Importer(815301076,1909f56bfc062723c751e8b465ee728b)
Start importing Assets/AssetsPacks/PolygonBattleRoyale/Models/SM_Wep_Shotgun_Ammo_Box_01.fbx using Guid(475adb592c0e7e044a88658effb84cf9) Importer(815301076,1909f56bfc062723c751e8b465ee728b)  -> (artifact id: 'e0347623f8d3e5f6277f1fcf49505eae') in 0.066325 seconds 
  Import took 0.080594 seconds .

========================================================================
Received Import Request.
  Time since last request: 0.000348 seconds.
  path: Assets/Models/Weopons/Low Poly Weapons VOL.1/Models/RGD-5.fbx
  artifactKey: Guid(cecca25c94780ca428d51ab9f5894270) Importer(815301076,1909f56bfc062723c751e8b465ee728b)
Start importing Assets/Models/Weopons/Low Poly Weapons VOL.1/Models/RGD-5.fbx using Guid(cecca25c94780ca428d51ab9f5894270) Importer(815301076,1909f56bfc062723c751e8b465ee728b)  -> (artifact id: '7083bf2aac9f44ffe20f7c94daaf8cc1') in 0.140489 seconds 
  Import took 0.151316 seconds .

========================================================================
Received Import Request.
  Time since last request: 0.000241 seconds.
  path: Assets/AssetsPacks/Modern UI Pack/Prefabs/Button/Rounded - Outline Gradient/Purple.prefab
  artifactKey: Guid(11b7396831bc0a748b89f8be6b1a722b) Importer(815301076,1909f56bfc062723c751e8b465ee728b)
Start importing Assets/AssetsPacks/Modern UI Pack/Prefabs/Button/Rounded - Outline Gradient/Purple.prefab using Guid(11b7396831bc0a748b89f8be6b1a722b) Importer(815301076,1909f56bfc062723c751e8b465ee728b)  -> (artifact id: '74e74798443d6e3e0451bd02b61b2944') in 0.052892 seconds 
  Import took 0.061176 seconds .

========================================================================
Received Import Request.
  Time since last request: 0.000240 seconds.
  path: Assets/AssetsPacks/PolygonBattleRoyale/Models/SM_Wep_Shotgun_Ammo_01.fbx
  artifactKey: Guid(4c38f27c027f60b4e818c4ee2d79f6d9) Importer(815301076,1909f56bfc062723c751e8b465ee728b)
Start importing Assets/AssetsPacks/PolygonBattleRoyale/Models/SM_Wep_Shotgun_Ammo_01.fbx using Guid(4c38f27c027f60b4e818c4ee2d79f6d9) Importer(815301076,1909f56bfc062723c751e8b465ee728b)  -> (artifact id: '00d15ba17d03f4cc05322350ef338dcc') in 0.057627 seconds 
  Import took 0.066486 seconds .

========================================================================
Received Import Request.
  Time since last request: 0.000279 seconds.
  path: Assets/AssetsPacks/Modern UI Pack/Prefabs/Button/Basic - Only Icon/Red.prefab
  artifactKey: Guid(25b31f93434b85e4287b3db966ad6dab) Importer(815301076,1909f56bfc062723c751e8b465ee728b)
Start importing Assets/AssetsPacks/Modern UI Pack/Prefabs/Button/Basic - Only Icon/Red.prefab using Guid(25b31f93434b85e4287b3db966ad6dab) Importer(815301076,1909f56bfc062723c751e8b465ee728b)  -> (artifact id: '9f7593d786155486f7b907cf713fc4b0') in 0.008123 seconds 
  Import took 0.018276 seconds .

========================================================================
Received Import Request.
  Time since last request: 0.000278 seconds.
  path: Assets/AssetsPacks/Modern UI Pack/Prefabs/Button/Rounded/Red.prefab
  artifactKey: Guid(ba237f0b98bfe07488da1cdd8a9716bf) Importer(815301076,1909f56bfc062723c751e8b465ee728b)
Start importing Assets/AssetsPacks/Modern UI Pack/Prefabs/Button/Rounded/Red.prefab using Guid(ba237f0b98bfe07488da1cdd8a9716bf) Importer(815301076,1909f56bfc062723c751e8b465ee728b)  -> (artifact id: '107632a3342719aa36f3e15f27cb3a66') in 0.047369 seconds 
  Import took 0.057771 seconds .

========================================================================
Received Import Request.
  Time since last request: 0.000215 seconds.
  path: Assets/Models/Weopons/Low Poly Weapons VOL.1/Prefabs/RGD-5.prefab
  artifactKey: Guid(5a2bf64643e1fb0439ea39c0fc9b00ff) Importer(815301076,1909f56bfc062723c751e8b465ee728b)
Start importing Assets/Models/Weopons/Low Poly Weapons VOL.1/Prefabs/RGD-5.prefab using Guid(5a2bf64643e1fb0439ea39c0fc9b00ff) Importer(815301076,1909f56bfc062723c751e8b465ee728b)  -> (artifact id: 'c19dfb8719f981a959ed3b44717671be') in 0.027523 seconds 
  Import took 0.037014 seconds .

========================================================================
Received Import Request.
  Time since last request: 0.000225 seconds.
  path: Assets/Animations/RifleAnimsetPro/Animations/RifleAnimsetPro_Additionals.fbx
  artifactKey: Guid(fa608feaf64a07040bef63f640abf835) Importer(815301076,1909f56bfc062723c751e8b465ee728b)
Start importing Assets/Animations/RifleAnimsetPro/Animations/RifleAnimsetPro_Additionals.fbx using Guid(fa608feaf64a07040bef63f640abf835) Importer(815301076,1909f56bfc062723c751e8b465ee728b)  -> (artifact id: '0e979d8b8a4aad7d588cb3ae722d7302') in 0.080767 seconds 
  Import took 0.094806 seconds .

========================================================================
Received Import Request.
  Time since last request: 0.000277 seconds.
  path: Assets/AssetsPacks/Modern UI Pack/Prefabs/Slider/Radial/Slider - Radial.prefab
  artifactKey: Guid(96b74d6b7b29fe147a592529be73aa73) Importer(815301076,1909f56bfc062723c751e8b465ee728b)
Start importing Assets/AssetsPacks/Modern UI Pack/Prefabs/Slider/Radial/Slider - Radial.prefab using Guid(96b74d6b7b29fe147a592529be73aa73) Importer(815301076,1909f56bfc062723c751e8b465ee728b)  -> (artifact id: '3bcae907c6c8ced6def92e4858edcaa7') in 0.081367 seconds 
  Import took 0.091715 seconds .

========================================================================
Received Import Request.
  Time since last request: 0.000264 seconds.
  path: Assets/AssetsPacks/PolygonBattleRoyale/Prefabs/FX/Rain_FX.prefab
  artifactKey: Guid(004c0bf81fbf1a342af7262f965b564f) Importer(815301076,1909f56bfc062723c751e8b465ee728b)
Start importing Assets/AssetsPacks/PolygonBattleRoyale/Prefabs/FX/Rain_FX.prefab using Guid(004c0bf81fbf1a342af7262f965b564f) Importer(815301076,1909f56bfc062723c751e8b465ee728b)  -> (artifact id: '198fe29f24ebbf3bf4d115c384d2d8aa') in 0.642659 seconds 
  Import took 0.651305 seconds .

========================================================================
Received Import Request.
  Time since last request: 0.000288 seconds.
  path: Assets/EffectExamples/WeaponEffects/Prefabs/RocketTrailEffect.prefab
  artifactKey: Guid(20c0f7e297297fc468f9740f6bb08cb1) Importer(815301076,1909f56bfc062723c751e8b465ee728b)
Start importing Assets/EffectExamples/WeaponEffects/Prefabs/RocketTrailEffect.prefab using Guid(20c0f7e297297fc468f9740f6bb08cb1) Importer(815301076,1909f56bfc062723c751e8b465ee728b)  -> (artifact id: '50ec0b2a71f59ade1f3e9a804024406f') in 0.071889 seconds 
  Import took 0.080351 seconds .

========================================================================
Received Import Request.
  Time since last request: 0.000667 seconds.
  path: Assets/AssetsPacks/PolygonBattleRoyale/Prefabs/Weapons/SM_Wep_Shotgun_Ammo_01.prefab
  artifactKey: Guid(96631445180422140bb3de3e846561d6) Importer(815301076,1909f56bfc062723c751e8b465ee728b)
Start importing Assets/AssetsPacks/PolygonBattleRoyale/Prefabs/Weapons/SM_Wep_Shotgun_Ammo_01.prefab using Guid(96631445180422140bb3de3e846561d6) Importer(815301076,1909f56bfc062723c751e8b465ee728b)  -> (artifact id: '71777ec81c50da1dfa0100758f8fc7b5') in 0.018780 seconds 
  Import took 0.029430 seconds .

========================================================================
Received Import Request.
  Time since last request: 0.000237 seconds.
  path: Assets/AssetsPacks/Modern UI Pack/Prefabs/Button/Basic - Outline Only Icon/Red.prefab
  artifactKey: Guid(df418c229e4c4dc4588f43005dbebc84) Importer(815301076,1909f56bfc062723c751e8b465ee728b)
Start importing Assets/AssetsPacks/Modern UI Pack/Prefabs/Button/Basic - Outline Only Icon/Red.prefab using Guid(df418c229e4c4dc4588f43005dbebc84) Importer(815301076,1909f56bfc062723c751e8b465ee728b)  -> (artifact id: 'e6634ecfdc68fa2806a0f3b5082ce227') in 0.014521 seconds 
  Import took 0.026588 seconds .

========================================================================
Received Import Request.
  Time since last request: 0.000203 seconds.
  path: Assets/Animations/RifleAnimsetPro/Particles/MuzzleFlashShotgun.prefab
  artifactKey: Guid(cd4160bc5cac7a547ab4f811c8d293f4) Importer(815301076,1909f56bfc062723c751e8b465ee728b)
Start importing Assets/Animations/RifleAnimsetPro/Particles/MuzzleFlashShotgun.prefab using Guid(cd4160bc5cac7a547ab4f811c8d293f4) Importer(815301076,1909f56bfc062723c751e8b465ee728b)  -> (artifact id: '899e303757a52e0b54f62c472b6be7dd') in 0.026935 seconds 
  Import took 0.036364 seconds .

========================================================================
Received Import Request.
  Time since last request: 0.000208 seconds.
  path: Assets/AssetsPacks/PolygonBattleRoyale/Prefabs/Weapons/SM_Wep_Shotgun_01.prefab
  artifactKey: Guid(9ec98e8c57546a746a43196444d9c97f) Importer(815301076,1909f56bfc062723c751e8b465ee728b)
Start importing Assets/AssetsPacks/PolygonBattleRoyale/Prefabs/Weapons/SM_Wep_Shotgun_01.prefab using Guid(9ec98e8c57546a746a43196444d9c97f) Importer(815301076,1909f56bfc062723c751e8b465ee728b)  -> (artifact id: 'f1e7b7dbb9ee11766b6351b167b82a3e') in 0.042953 seconds 
  Import took 0.052966 seconds .

========================================================================
Received Import Request.
  Time since last request: 0.000212 seconds.
  path: Assets/AssetsPacks/Modern UI Pack/Prefabs/Button/Basic - Outline/Purple.prefab
  artifactKey: Guid(d4c9610d286ca0b43acfc64da25c0314) Importer(815301076,1909f56bfc062723c751e8b465ee728b)
Start importing Assets/AssetsPacks/Modern UI Pack/Prefabs/Button/Basic - Outline/Purple.prefab using Guid(d4c9610d286ca0b43acfc64da25c0314) Importer(815301076,1909f56bfc062723c751e8b465ee728b)  -> (artifact id: 'a8fa3c22b529e4d665417dc2cb7c1b1f') in 0.051642 seconds 
  Import took 0.062386 seconds .

========================================================================
Received Import Request.
  Time since last request: 0.000261 seconds.
  path: Assets/AssetsPacks/Modern UI Pack/Prefabs/Animated Icon/Sand Clock.prefab
  artifactKey: Guid(811f8c2d7af125449a364728bbfa329b) Importer(815301076,1909f56bfc062723c751e8b465ee728b)
Start importing Assets/AssetsPacks/Modern UI Pack/Prefabs/Animated Icon/Sand Clock.prefab using Guid(811f8c2d7af125449a364728bbfa329b) Importer(815301076,1909f56bfc062723c751e8b465ee728b)  -> (artifact id: '2c7249e379648f2c44209c00c4895188') in 0.083935 seconds 
  Import took 0.095862 seconds .

========================================================================
Received Import Request.
  Time since last request: 0.000392 seconds.
  path: Assets/AssetsPacks/Modern UI Pack/Prefabs/Button/Rounded/Purple.prefab
  artifactKey: Guid(ae3d5e11a2280b04ba650092be08748a) Importer(815301076,1909f56bfc062723c751e8b465ee728b)
Start importing Assets/AssetsPacks/Modern UI Pack/Prefabs/Button/Rounded/Purple.prefab using Guid(ae3d5e11a2280b04ba650092be08748a) Importer(815301076,1909f56bfc062723c751e8b465ee728b)  -> (artifact id: '92340628097e00afbfcb95bef6001895') in 0.049862 seconds 
  Import took 0.061054 seconds .

========================================================================
Received Import Request.
  Time since last request: 0.000329 seconds.
  path: Assets/AssetsPacks/Modern UI Pack/Prefabs/Scrollbar/Scrollbar.prefab
  artifactKey: Guid(046e1ceafe93c134f844e1be0cd81dc6) Importer(815301076,1909f56bfc062723c751e8b465ee728b)
Start importing Assets/AssetsPacks/Modern UI Pack/Prefabs/Scrollbar/Scrollbar.prefab using Guid(046e1ceafe93c134f844e1be0cd81dc6) Importer(815301076,1909f56bfc062723c751e8b465ee728b)  -> (artifact id: 'adb891381f9801e1d62eb99a26d9c237') in 0.085377 seconds 
  Import took 0.095677 seconds .

========================================================================
Received Import Request.
  Time since last request: 0.000224 seconds.
  path: Assets/AssetsPacks/Modern UI Pack/Prefabs/Animated Icon/Slider.prefab
  artifactKey: Guid(8312f800bd5b9d248a9e7f74ef3dea31) Importer(815301076,1909f56bfc062723c751e8b465ee728b)
Start importing Assets/AssetsPacks/Modern UI Pack/Prefabs/Animated Icon/Slider.prefab using Guid(8312f800bd5b9d248a9e7f74ef3dea31) Importer(815301076,1909f56bfc062723c751e8b465ee728b)  -> (artifact id: '52747899bfbb839ac1e9ae297a5516ab') in 0.074502 seconds 
  Import took 0.083792 seconds .

========================================================================
Received Prepare
Registering precompiled user dll's ...
Registered in 0.005624 seconds.
Begin MonoManager ReloadAssembly
Native extension for WindowsStandalone target not found
Refreshing native plugins compatible for Editor in 1.17 ms, found 5 plugins.
Preloading 0 native plugins for Editor in 0.00 ms.
Mono: successfully reloaded assembly
- Completed reload, in  1.671 seconds
Domain Reload Profiling:
	ReloadAssembly (1672ms)
		BeginReloadAssembly (167ms)
			ExecutionOrderSort (0ms)
			DisableScriptedObjects (8ms)
			BackupInstance (0ms)
			ReleaseScriptingObjects (0ms)
			CreateAndSetChildDomain (57ms)
		EndReloadAssembly (1439ms)
			LoadAssemblies (105ms)
			RebuildTransferFunctionScriptingTraits (0ms)
			SetupTypeCache (412ms)
			ReleaseScriptCaches (3ms)
			RebuildScriptCaches (69ms)
			SetupLoadedEditorAssemblies (679ms)
				LogAssemblyErrors (0ms)
				InitializePlatformSupportModulesInManaged (5ms)
				SetLoadedEditorAssemblies (0ms)
				RefreshPlugins (1ms)
				BeforeProcessingInitializeOnLoad (109ms)
				ProcessInitializeOnLoadAttributes (556ms)
				ProcessInitializeOnLoadMethodAttributes (5ms)
				AfterProcessingInitializeOnLoad (3ms)
				EditorAssembliesLoaded (0ms)
			ExecutionOrderSort2 (0ms)
			AwakeInstancesAfterBackupRestoration (16ms)
Platform modules already initialized, skipping
Shader 'Universal Render Pipeline/Particles/Lit': fallback shader 'Universal Render Pipeline/Particles/SimpleLit' not found
Refreshing native plugins compatible for Editor in 14.32 ms, found 5 plugins.
Preloading 0 native plugins for Editor in 0.00 ms.
Unloading 3639 Unused Serialized files (Serialized files now loaded: 0)
System memory in use before: 181.7 MB.
System memory in use after: 182.0 MB.

Unloading 30 unused Assets to reduce memory usage. Loaded Objects now: 4314.
Total: 7.347300 ms (FindLiveObjects: 0.612300 ms CreateObjectMapping: 0.490000 ms MarkObjects: 6.127600 ms  DeleteObjects: 0.114300 ms)

AssetImportParameters requested are different than current active one (requested -> active):
  custom:framework-win-MediaFoundation: 216162199b28c13a410421893ffa2e32 -> 
  custom:video-decoder-ogg-theora: a1e56fd34408186e4bbccfd4996cb3dc -> 
  custom:container-muxer-webm: aa71ff27fc2769a1b78a27578f13a17b -> 
  custom:container-demuxer-webm: 4f35f7cbe854078d1ac9338744f61a02 -> 
  custom:container-demuxer-ogg: 62fdf1f143b41e24485cea50d1cbac27 -> 
  custom:video-encoder-webm-vp8: eb34c28f22e8b96e1ab97ce403110664 -> 
  custom:video-decoder-webm-vp8: 9c59270c3fd7afecdb556c50c9e8de78 -> 
  custom:audio-decoder-ogg-vorbis: bf7c407c2cedff20999df2af8eb42d56 -> 
  custom:audio-encoder-webm-vorbis: bf7c407c2cedff20999df2af8eb42d56 -> 
AssetImportWorkerClient::OnTransportError - code=2 error=End of file
